# JRE version: OpenJDK Runtime Environment (17.0.2+8) (build 17.0.2+8-86)
# Java VM: OpenJDK 64-Bit Server VM (17.0.2+8-86, mixed mode, sharing, tiered, compressed oops, compressed class ptrs, g1 gc, windows-amd64)
GC Precious Log:
 CPUs: 4 total, 4 available
 Memory: 6024M
 Large Page Support: Disabled
 NUMA Support: Disabled
 Compressed Oops: Enabled (32-bit)
 Heap Region Size: 1M
 Heap Min Capacity: 8M
 Heap Initial Capacity: 96M
 Heap Max Capacity: 2G
 Pre-touch: Disabled
 Parallel Workers: 4
 Concurrent Workers: 1
 Concurrent Refinement Workers: 4
 Periodic GC: Disabled
Heap:
 garbage-first heap   total 89088K, used 52353K [0x0000000080000000, 0x0000000100000000)
  region size 1024K, 5 young (5120K), 4 survivors (4096K)
 Metaspace       used 69277K, committed 69824K, reserved 487424K
  class space    used 9434K, committed 9664K, reserved 421888K
GC Heap History (20 events):
Event: 17.354 GC heap before
{Heap before GC invocations=7 (full 0):
 garbage-first heap   total 89088K, used 72382K [0x0000000080000000, 0x0000000100000000)
  region size 1024K, 51 young (52224K), 4 survivors (4096K)
 Metaspace       used 27203K, committed 27584K, reserved 446464K
  class space    used 3951K, committed 4160K, reserved 421888K
}
Event: 17.368 GC heap after
{Heap after GC invocations=8 (full 0):
 garbage-first heap   total 89088K, used 26624K [0x0000000080000000, 0x0000000100000000)
  region size 1024K, 6 young (6144K), 6 survivors (6144K)
 Metaspace       used 27203K, committed 27584K, reserved 446464K
  class space    used 3951K, committed 4160K, reserved 421888K
}
Event: 19.794 GC heap before
{Heap before GC invocations=8 (full 0):
 garbage-first heap   total 89088K, used 67584K [0x0000000080000000, 0x0000000100000000)
  region size 1024K, 47 young (48128K), 6 survivors (6144K)
 Metaspace       used 32673K, committed 33088K, reserved 454656K
  class space    used 4654K, committed 4864K, reserved 421888K
}
Event: 19.813 GC heap after
{Heap after GC invocations=9 (full 0):
 garbage-first heap   total 89088K, used 30591K [0x0000000080000000, 0x0000000100000000)
  region size 1024K, 6 young (6144K), 6 survivors (6144K)
 Metaspace       used 32673K, committed 33088K, reserved 454656K
  class space    used 4654K, committed 4864K, reserved 421888K
}
Event: 21.905 GC heap before
{Heap before GC invocations=9 (full 0):
 garbage-first heap   total 89088K, used 58239K [0x0000000080000000, 0x0000000100000000)
  region size 1024K, 35 young (35840K), 6 survivors (6144K)
 Metaspace       used 35963K, committed 36288K, reserved 454656K
  class space    used 5153K, committed 5312K, reserved 421888K
}
Event: 21.922 GC heap after
{Heap after GC invocations=10 (full 0):
 garbage-first heap   total 89088K, used 32989K [0x0000000080000000, 0x0000000100000000)
  region size 1024K, 3 young (3072K), 3 survivors (3072K)
 Metaspace       used 35963K, committed 36288K, reserved 454656K
  class space    used 5153K, committed 5312K, reserved 421888K
}
Event: 24.431 GC heap before
{Heap before GC invocations=11 (full 0):
 garbage-first heap   total 89088K, used 73949K [0x0000000080000000, 0x0000000100000000)
  region size 1024K, 39 young (39936K), 3 survivors (3072K)
 Metaspace       used 40826K, committed 41216K, reserved 462848K
  class space    used 5718K, committed 5888K, reserved 421888K
}
Event: 24.443 GC heap after
{Heap after GC invocations=12 (full 0):
 garbage-first heap   total 89088K, used 35427K [0x0000000080000000, 0x0000000100000000)
  region size 1024K, 5 young (5120K), 5 survivors (5120K)
 Metaspace       used 40826K, committed 41216K, reserved 462848K
  class space    used 5718K, committed 5888K, reserved 421888K
}
Event: 26.527 GC heap before
{Heap before GC invocations=12 (full 0):
 garbage-first heap   total 89088K, used 70243K [0x0000000080000000, 0x0000000100000000)
  region size 1024K, 39 young (39936K), 5 survivors (5120K)
 Metaspace       used 42740K, committed 43200K, reserved 462848K
  class space    used 6002K, committed 6208K, reserved 421888K
}
Event: 26.541 GC heap after
{Heap after GC invocations=13 (full 0):
 garbage-first heap   total 89088K, used 37497K [0x0000000080000000, 0x0000000100000000)
  region size 1024K, 3 young (3072K), 3 survivors (3072K)
 Metaspace       used 42740K, committed 43200K, reserved 462848K
  class space    used 6002K, committed 6208K, reserved 421888K
}
Event: 28.135 GC heap before
{Heap before GC invocations=13 (full 0):
 garbage-first heap   total 89088K, used 70265K [0x0000000080000000, 0x0000000100000000)
  region size 1024K, 35 young (35840K), 3 survivors (3072K)
 Metaspace       used 46082K, committed 46592K, reserved 462848K
  class space    used 6522K, committed 6720K, reserved 421888K
}
Event: 28.144 GC heap after
{Heap after GC invocations=14 (full 0):
 garbage-first heap   total 89088K, used 38435K [0x0000000080000000, 0x0000000100000000)
  region size 1024K, 4 young (4096K), 4 survivors (4096K)
 Metaspace       used 46082K, committed 46592K, reserved 462848K
  class space    used 6522K, committed 6720K, reserved 421888K
}
Event: 31.436 GC heap before
{Heap before GC invocations=14 (full 0):
 garbage-first heap   total 89088K, used 71203K [0x0000000080000000, 0x0000000100000000)
  region size 1024K, 36 young (36864K), 4 survivors (4096K)
 Metaspace       used 53062K, committed 53568K, reserved 471040K
  class space    used 7409K, committed 7680K, reserved 421888K
}
Event: 31.449 GC heap after
{Heap after GC invocations=15 (full 0):
 garbage-first heap   total 89088K, used 41464K [0x0000000080000000, 0x0000000100000000)
  region size 1024K, 5 young (5120K), 5 survivors (5120K)
 Metaspace       used 53062K, committed 53568K, reserved 471040K
  class space    used 7409K, committed 7680K, reserved 421888K
}
Event: 32.974 GC heap before
{Heap before GC invocations=15 (full 0):
 garbage-first heap   total 89088K, used 71160K [0x0000000080000000, 0x0000000100000000)
  region size 1024K, 33 young (33792K), 5 survivors (5120K)
 Metaspace       used 56328K, committed 56832K, reserved 479232K
  class space    used 7792K, committed 8064K, reserved 421888K
}
Event: 32.988 GC heap after
{Heap after GC invocations=16 (full 0):
 garbage-first heap   total 89088K, used 43964K [0x0000000080000000, 0x0000000100000000)
  region size 1024K, 3 young (3072K), 3 survivors (3072K)
 Metaspace       used 56328K, committed 56832K, reserved 479232K
  class space    used 7792K, committed 8064K, reserved 421888K
}
Event: 34.333 GC heap before
{Heap before GC invocations=16 (full 0):
 garbage-first heap   total 89088K, used 71612K [0x0000000080000000, 0x0000000100000000)
  region size 1024K, 30 young (30720K), 3 survivors (3072K)
 Metaspace       used 59625K, committed 60160K, reserved 479232K
  class space    used 8230K, committed 8448K, reserved 421888K
}
Event: 34.346 GC heap after
{Heap after GC invocations=17 (full 0):
 garbage-first heap   total 89088K, used 45055K [0x0000000080000000, 0x0000000100000000)
  region size 1024K, 2 young (2048K), 2 survivors (2048K)
 Metaspace       used 59625K, committed 60160K, reserved 479232K
  class space    used 8230K, committed 8448K, reserved 421888K
}
Event: 37.358 GC heap before
{Heap before GC invocations=18 (full 0):
 garbage-first heap   total 89088K, used 72703K [0x0000000080000000, 0x0000000100000000)
  region size 1024K, 29 young (29696K), 2 survivors (2048K)
 Metaspace       used 67262K, committed 67776K, reserved 487424K
  class space    used 9188K, committed 9408K, reserved 421888K
}
Event: 37.372 GC heap after
{Heap after GC invocations=19 (full 0):
 garbage-first heap   total 89088K, used 49845K [0x0000000080000000, 0x0000000100000000)
  region size 1024K, 4 young (4096K), 4 survivors (4096K)
 Metaspace       used 67262K, committed 67776K, reserved 487424K
  class space    used 9188K, committed 9408K, reserved 421888K
}

