# JRE version: OpenJDK Runtime Environment (17.0.2+8) (build 17.0.2+8-86)
# Java VM: OpenJDK 64-Bit Server VM (17.0.2+8-86, mixed mode, sharing, tiered, compressed oops, compressed class ptrs, g1 gc, windows-amd64)
GC Precious Log:
 CPUs: 4 total, 4 available
 Memory: 6024M
 Large Page Support: Disabled
 NUMA Support: Disabled
 Compressed Oops: Enabled (32-bit)
 Heap Region Size: 1M
 Heap Min Capacity: 8M
 Heap Initial Capacity: 96M
 Heap Max Capacity: 2G
 Pre-touch: Disabled
 Parallel Workers: 4
 Concurrent Workers: 1
 Concurrent Refinement Workers: 4
 Periodic GC: Disabled
Heap:
 garbage-first heap   total 263168K, used 90644K [0x0000000080000000, 0x0000000100000000)
  region size 1024K, 9 young (9216K), 7 survivors (7168K)
 Metaspace       used 77077K, committed 77952K, reserved 495616K
  class space    used 10786K, committed 11200K, reserved 421888K
GC Heap History (20 events):
Event: 24.470 GC heap before
{Heap before GC invocations=18 (full 0):
 garbage-first heap   total 133120K, used 117198K [0x0000000080000000, 0x0000000100000000)
  region size 1024K, 57 young (58368K), 2 survivors (2048K)
 Metaspace       used 64916K, committed 65536K, reserved 479232K
  class space    used 9102K, committed 9344K, reserved 421888K
}
Event: 24.484 GC heap after
{Heap after GC invocations=19 (full 0):
 garbage-first heap   total 133120K, used 64624K [0x0000000080000000, 0x0000000100000000)
  region size 1024K, 5 young (5120K), 5 survivors (5120K)
 Metaspace       used 64916K, committed 65536K, reserved 479232K
  class space    used 9102K, committed 9344K, reserved 421888K
}
Event: 25.498 GC heap before
{Heap before GC invocations=19 (full 0):
 garbage-first heap   total 133120K, used 107632K [0x0000000080000000, 0x0000000100000000)
  region size 1024K, 47 young (48128K), 5 survivors (5120K)
 Metaspace       used 67385K, committed 68032K, reserved 487424K
  class space    used 9437K, committed 9792K, reserved 421888K
}
Event: 25.511 GC heap after
{Heap after GC invocations=20 (full 0):
 garbage-first heap   total 133120K, used 66835K [0x0000000080000000, 0x0000000100000000)
  region size 1024K, 3 young (3072K), 3 survivors (3072K)
 Metaspace       used 67385K, committed 68032K, reserved 487424K
  class space    used 9437K, committed 9792K, reserved 421888K
}
Event: 27.273 GC heap before
{Heap before GC invocations=21 (full 0):
 garbage-first heap   total 133120K, used 108819K [0x0000000080000000, 0x0000000100000000)
  region size 1024K, 44 young (45056K), 3 survivors (3072K)
 Metaspace       used 69059K, committed 69760K, reserved 487424K
  class space    used 9679K, committed 10048K, reserved 421888K
}
Event: 27.298 GC heap after
{Heap after GC invocations=22 (full 0):
 garbage-first heap   total 133120K, used 70912K [0x0000000080000000, 0x0000000100000000)
  region size 1024K, 6 young (6144K), 6 survivors (6144K)
 Metaspace       used 69059K, committed 69760K, reserved 487424K
  class space    used 9679K, committed 10048K, reserved 421888K
}
Event: 27.354 GC heap before
{Heap before GC invocations=22 (full 0):
 garbage-first heap   total 133120K, used 71936K [0x0000000080000000, 0x0000000100000000)
  region size 1024K, 7 young (7168K), 6 survivors (6144K)
 Metaspace       used 69101K, committed 69824K, reserved 487424K
  class space    used 9684K, committed 10048K, reserved 421888K
}
Event: 27.368 GC heap after
{Heap after GC invocations=23 (full 0):
 garbage-first heap   total 133120K, used 71035K [0x0000000080000000, 0x0000000100000000)
  region size 1024K, 1 young (1024K), 1 survivors (1024K)
 Metaspace       used 69101K, committed 69824K, reserved 487424K
  class space    used 9684K, committed 10048K, reserved 421888K
}
Event: 28.426 GC heap before
{Heap before GC invocations=23 (full 0):
 garbage-first heap   total 133120K, used 108923K [0x0000000080000000, 0x0000000100000000)
  region size 1024K, 38 young (38912K), 1 survivors (1024K)
 Metaspace       used 70973K, committed 71680K, reserved 487424K
  class space    used 9942K, committed 10304K, reserved 421888K
}
Event: 28.445 GC heap after
{Heap after GC invocations=24 (full 0):
 garbage-first heap   total 133120K, used 74368K [0x0000000080000000, 0x0000000100000000)
  region size 1024K, 5 young (5120K), 5 survivors (5120K)
 Metaspace       used 70973K, committed 71680K, reserved 487424K
  class space    used 9942K, committed 10304K, reserved 421888K
}
Event: 30.920 GC heap before
{Heap before GC invocations=25 (full 0):
 garbage-first heap   total 137216K, used 107136K [0x0000000080000000, 0x0000000100000000)
  region size 1024K, 37 young (37888K), 5 survivors (5120K)
 Metaspace       used 73566K, committed 74368K, reserved 487424K
  class space    used 10307K, committed 10688K, reserved 421888K
}
Event: 30.937 GC heap after
{Heap after GC invocations=26 (full 0):
 garbage-first heap   total 137216K, used 77423K [0x0000000080000000, 0x0000000100000000)
  region size 1024K, 3 young (3072K), 3 survivors (3072K)
 Metaspace       used 73566K, committed 74368K, reserved 487424K
  class space    used 10307K, committed 10688K, reserved 421888K
}
Event: 31.089 GC heap before
{Heap before GC invocations=26 (full 0):
 garbage-first heap   total 137216K, used 79471K [0x0000000080000000, 0x0000000100000000)
  region size 1024K, 6 young (6144K), 3 survivors (3072K)
 Metaspace       used 73924K, committed 74688K, reserved 487424K
  class space    used 10387K, committed 10752K, reserved 421888K
}
Event: 31.098 GC heap after
{Heap after GC invocations=27 (full 0):
 garbage-first heap   total 137216K, used 77179K [0x0000000080000000, 0x0000000100000000)
  region size 1024K, 1 young (1024K), 1 survivors (1024K)
 Metaspace       used 73924K, committed 74688K, reserved 487424K
  class space    used 10387K, committed 10752K, reserved 421888K
}
Event: 32.279 GC heap before
{Heap before GC invocations=27 (full 0):
 garbage-first heap   total 137216K, used 109947K [0x0000000080000000, 0x0000000100000000)
  region size 1024K, 34 young (34816K), 1 survivors (1024K)
 Metaspace       used 75102K, committed 75840K, reserved 487424K
  class space    used 10593K, committed 10944K, reserved 421888K
}
Event: 32.340 GC heap after
{Heap after GC invocations=28 (full 0):
 garbage-first heap   total 137216K, used 80968K [0x0000000080000000, 0x0000000100000000)
  region size 1024K, 5 young (5120K), 5 survivors (5120K)
 Metaspace       used 75102K, committed 75840K, reserved 487424K
  class space    used 10593K, committed 10944K, reserved 421888K
}
Event: 33.361 GC heap before
{Heap before GC invocations=29 (full 0):
 garbage-first heap   total 145408K, used 110664K [0x0000000080000000, 0x0000000100000000)
  region size 1024K, 33 young (33792K), 5 survivors (5120K)
 Metaspace       used 76479K, committed 77312K, reserved 495616K
  class space    used 10781K, committed 11136K, reserved 421888K
}
Event: 33.383 GC heap after
{Heap after GC invocations=30 (full 0):
 garbage-first heap   total 145408K, used 84688K [0x0000000080000000, 0x0000000100000000)
  region size 1024K, 5 young (5120K), 5 survivors (5120K)
 Metaspace       used 76479K, committed 77312K, reserved 495616K
  class space    used 10781K, committed 11136K, reserved 421888K
}
Event: 33.521 GC heap before
{Heap before GC invocations=30 (full 0):
 garbage-first heap   total 145408K, used 86736K [0x0000000080000000, 0x0000000100000000)
  region size 1024K, 7 young (7168K), 5 survivors (5120K)
 Metaspace       used 76533K, committed 77312K, reserved 495616K
  class space    used 10781K, committed 11136K, reserved 421888K
}
Event: 33.583 GC heap after
{Heap after GC invocations=31 (full 0):
 garbage-first heap   total 263168K, used 83873K [0x0000000080000000, 0x0000000100000000)
  region size 1024K, 1 young (1024K), 1 survivors (1024K)
 Metaspace       used 76533K, committed 77312K, reserved 495616K
  class space    used 10781K, committed 11136K, reserved 421888K
}

